Warning[205] C:\USERS\SHADI\ONEDRIVE\SASES\PROJECTS\2021\210501-OXYGENTHERAPY\FIRMWARE\MAIN.ASM 1 : Found directive in column 1. (__CONFIG)
Warning[205] C:\USERS\SHADI\ONEDRIVE\SASES\PROJECTS\2021\210501-OXYGENTHERAPY\FIRMWARE\MAIN.ASM 36 : Found directive in column 1. (ORG)
Message[302] C:\USERS\SHADI\ONEDRIVE\SASES\PROJECTS\2021\210501-OXYGENTHERAPY\FIRMWARE\MAIN.ASM 42 : Register in operand not in bank 0.  Ensure that bank bits are correct.
Message[302] C:\USERS\SHADI\ONEDRIVE\SASES\PROJECTS\2021\210501-OXYGENTHERAPY\FIRMWARE\MAIN.ASM 43 : Register in operand not in bank 0.  Ensure that bank bits are correct.
Message[302] C:\USERS\SHADI\ONEDRIVE\SASES\PROJECTS\2021\210501-OXYGENTHERAPY\FIRMWARE\MAIN.ASM 44 : Register in operand not in bank 0.  Ensure that bank bits are correct.
Message[302] C:\USERS\SHADI\ONEDRIVE\SASES\PROJECTS\2021\210501-OXYGENTHERAPY\FIRMWARE\MAIN.ASM 46 : Register in operand not in bank 0.  Ensure that bank bits are correct.
Message[302] C:\USERS\SHADI\ONEDRIVE\SASES\PROJECTS\2021\210501-OXYGENTHERAPY\FIRMWARE\MAIN.ASM 47 : Register in operand not in bank 0.  Ensure that bank bits are correct.
Message[302] C:\USERS\SHADI\ONEDRIVE\SASES\PROJECTS\2021\210501-OXYGENTHERAPY\FIRMWARE\MAIN.ASM 49 : Register in operand not in bank 0.  Ensure that bank bits are correct.
Warning[203] C:\USERS\SHADI\ONEDRIVE\SASES\PROJECTS\2021\210501-OXYGENTHERAPY\FIRMWARE\MAIN.ASM 84 : Found opcode in column 1. (MOVLW)
Warning[203] C:\USERS\SHADI\ONEDRIVE\SASES\PROJECTS\2021\210501-OXYGENTHERAPY\FIRMWARE\MAIN.ASM 85 : Found opcode in column 1. (CALL)
Warning[203] C:\USERS\SHADI\ONEDRIVE\SASES\PROJECTS\2021\210501-OXYGENTHERAPY\FIRMWARE\MAIN.ASM 86 : Found opcode in column 1. (BTFSC)
Warning[203] C:\USERS\SHADI\ONEDRIVE\SASES\PROJECTS\2021\210501-OXYGENTHERAPY\FIRMWARE\MAIN.ASM 87 : Found opcode in column 1. (GOTO)
Warning[203] C:\USERS\SHADI\ONEDRIVE\SASES\PROJECTS\2021\210501-OXYGENTHERAPY\FIRMWARE\MAIN.ASM 88 : Found opcode in column 1. (BTFSS)
Warning[203] C:\USERS\SHADI\ONEDRIVE\SASES\PROJECTS\2021\210501-OXYGENTHERAPY\FIRMWARE\MAIN.ASM 89 : Found opcode in column 1. (GOTO)
Message[305] C:\USERS\SHADI\ONEDRIVE\SASES\PROJECTS\2021\210501-OXYGENTHERAPY\FIRMWARE\MAIN.ASM 305 : Using default destination of 1 (file).
Message[305] C:\USERS\SHADI\ONEDRIVE\SASES\PROJECTS\2021\210501-OXYGENTHERAPY\FIRMWARE\MAIN.ASM 321 : Using default destination of 1 (file).
Message[305] C:\USERS\SHADI\ONEDRIVE\SASES\PROJECTS\2021\210501-OXYGENTHERAPY\FIRMWARE\MAIN.ASM 437 : Using default destination of 1 (file).
Message[305] C:\USERS\SHADI\ONEDRIVE\SASES\PROJECTS\2021\210501-OXYGENTHERAPY\FIRMWARE\MAIN.ASM 446 : Using default destination of 1 (file).
Message[305] C:\USERS\SHADI\ONEDRIVE\SASES\PROJECTS\2021\210501-OXYGENTHERAPY\FIRMWARE\MAIN.ASM 470 : Using default destination of 1 (file).
Message[305] C:\USERS\SHADI\ONEDRIVE\SASES\PROJECTS\2021\210501-OXYGENTHERAPY\FIRMWARE\MAIN.ASM 474 : Using default destination of 1 (file).
Message[305] C:\USERS\SHADI\ONEDRIVE\SASES\PROJECTS\2021\210501-OXYGENTHERAPY\FIRMWARE\MAIN.ASM 478 : Using default destination of 1 (file).
Warning[205] C:\USERS\SHADI\ONEDRIVE\SASES\PROJECTS\2021\210501-OXYGENTHERAPY\FIRMWARE\MAIN.ASM 526 : Found directive in column 1. (END)
